<?xml version="1.0" encoding="UTF-8"?>
<!-- Generated by org.testng.reporters.JUnitReportReporter -->
<testsuite hostname="abhaik-ws01" name="test.NGMDM_Tabs.TestPOM" tests="1" failures="1" timestamp="23 Oct 2017 09:58:40 GMT" time="381.672" errors="0">
  <testcase name="testDeal00" time="381.672" classname="test.NGMDM_Tabs.TestPOM">
    <failure type="org.openqa.selenium.TimeoutException" message="Expected condition failed: waiting for presence of element located by: By.xpath: //*[@kdfid=&#039;descriptionProduct&#039; and @kdfapp=&#039;Quoting&#039; and @kdfpage=&#039;itemstab&#039;] (tried for 180 second(s) with 500 MILLISECONDS interval)">
      <![CDATA[org.openqa.selenium.TimeoutException: Expected condition failed: waiting for presence of element located by: By.xpath: //*[@kdfid='descriptionProduct' and @kdfapp='Quoting' and @kdfpage='itemstab'] (tried for 180 second(s) with 500 MILLISECONDS interval)
	at org.openqa.selenium.support.ui.WebDriverWait.timeoutException(WebDriverWait.java:80)
	at org.openqa.selenium.support.ui.FluentWait.until(FluentWait.java:232)
	at test.BasicUtils.BasicUtils.waitForElementPresence(BasicUtils.java:70)
	at test.BasicUtils.BasicUtils.isWebElementInViewPort(BasicUtils.java:148)
	at test.BasicUtils.BasicUtils.click(BasicUtils.java:467)
	at test.PageObjects.CCW.ItemsPage._07_addSpecificProductWithQty(ItemsPage.java:73)
	at test.PageObjects.CCW.ItemsPage._05_addDefaultProduct(ItemsPage.java:56)
	at test.PageObjects.CCW.ItemsPage._02_addDefaultProduct(ItemsPage.java:38)
	at test.NGMDM_Tabs.TestPOM.createDealType2(TestPOM.java:48)
	at test.NGMDM_Tabs.TestPOM.testDeal00(TestPOM.java:133)
	at sun.reflect.NativeMethodAccessorImpl.invoke0(Native Method)
	at sun.reflect.NativeMethodAccessorImpl.invoke(NativeMethodAccessorImpl.java:62)
	at sun.reflect.DelegatingMethodAccessorImpl.invoke(DelegatingMethodAccessorImpl.java:43)
	at java.lang.reflect.Method.invoke(Method.java:497)
	at org.testng.internal.MethodInvocationHelper.invokeMethod(MethodInvocationHelper.java:84)
	at org.testng.internal.Invoker.invokeMethod(Invoker.java:714)
	at org.testng.internal.Invoker.invokeTestMethod(Invoker.java:901)
	at org.testng.internal.Invoker.invokeTestMethods(Invoker.java:1231)
	at org.testng.internal.TestMethodWorker.invokeTestMethods(TestMethodWorker.java:127)
	at org.testng.internal.TestMethodWorker.run(TestMethodWorker.java:111)
	at java.util.concurrent.ThreadPoolExecutor.runWorker(ThreadPoolExecutor.java:1142)
	at java.util.concurrent.ThreadPoolExecutor$Worker.run(ThreadPoolExecutor.java:617)
	at java.lang.Thread.run(Thread.java:745)
Caused by: org.openqa.selenium.NoSuchElementException: Cannot locate an element using By.xpath: //*[@kdfid='descriptionProduct' and @kdfapp='Quoting' and @kdfpage='itemstab']
For documentation on this error, please visit: http://seleniumhq.org/exceptions/no_such_element.html
Build info: version: '3.4.0', revision: 'unknown', time: 'unknown'
System info: host: 'ABHAIK-WS01', ip: '10.65.145.42', os.name: 'Windows 7', os.arch: 'amd64', os.version: '6.1', java.version: '1.8.0_60'
Driver info: driver.version: unknown
	at org.openqa.selenium.support.ui.ExpectedConditions.lambda$findElement$0(ExpectedConditions.java:883)
	at java.util.Optional.orElseThrow(Optional.java:290)
	at org.openqa.selenium.support.ui.ExpectedConditions.findElement(ExpectedConditions.java:882)
	at org.openqa.selenium.support.ui.ExpectedConditions.access$000(ExpectedConditions.java:44)
	at org.openqa.selenium.support.ui.ExpectedConditions$6.apply(ExpectedConditions.java:183)
	at org.openqa.selenium.support.ui.ExpectedConditions$6.apply(ExpectedConditions.java:180)
	at org.openqa.selenium.support.ui.FluentWait.until(FluentWait.java:209)
	... 21 more
]]>
    </failure>
  </testcase> <!-- testDeal00 -->
</testsuite> <!-- test.NGMDM_Tabs.TestPOM -->
